# JRE version: Java(TM) SE Runtime Environment (25.0.2+10) (build 25.0.2+10-LTS-69)
# Java VM: Java HotSpot(TM) 64-Bit Server VM (25.0.2+10-LTS-69, mixed mode, sharing, tiered, compressed oops, compressed class ptrs, g1 gc, windows-amd64)
GC Precious Log:
 CardTable entry size: 512
 Card Set container configuration: InlinePtr #cards 5 size 8 Array Of Cards #cards 10 size 36 Howl #buckets 4 coarsen threshold 1843 Howl Bitmap #cards 512 size 80 coarsen threshold 460 Card regions per heap region 1 cards per card region 2048
 CPUs: 12 total, 12 available
 Memory: 7501M
 Large Page Support: Disabled
 NUMA Support: Disabled
 Compressed Oops: Enabled (32-bit)
 Heap Region Size: 1M
 Heap Min Capacity: 8M
 Heap Initial Capacity: 118M
 Heap Max Capacity: 1876M
 Pre-touch: Disabled
 Parallel Workers: 10
 Concurrent Workers: 3
 Concurrent Refinement Workers: 10
 Periodic GC: Disabled
Heap:
 garbage-first heap   total reserved 1921024K, committed 66560K, used 56048K [0x000000008ac00000, 0x0000000100000000)
  region size 1024K, 23 young (23552K), 2 survivors (2048K)
GC Heap Usage History (20 events):
Event: 16.951 {heap Before GC invocations=9 (full 0):
 garbage-first heap   total reserved 1921024K, committed 55296K, used 45381K [0x000000008ac00000, 0x0000000100000000)
  region size 1024K, 23 young (23552K), 1 survivors (1024K)
}
Event: 16.961 {heap After GC invocations=10 (full 0):
 garbage-first heap   total reserved 1921024K, committed 55296K, used 25522K [0x000000008ac00000, 0x0000000100000000)
  region size 1024K, 3 young (3072K), 3 survivors (3072K)
}
Event: 18.124 {heap Before GC invocations=10 (full 0):
 garbage-first heap   total reserved 1921024K, committed 55296K, used 46002K [0x000000008ac00000, 0x0000000100000000)
  region size 1024K, 24 young (24576K), 3 survivors (3072K)
}
Event: 18.135 {heap After GC invocations=11 (full 0):
 garbage-first heap   total reserved 1921024K, committed 55296K, used 27091K [0x000000008ac00000, 0x0000000100000000)
  region size 1024K, 2 young (2048K), 2 survivors (2048K)
}
Event: 19.283 {heap Before GC invocations=11 (full 0):
 garbage-first heap   total reserved 1921024K, committed 55296K, used 47571K [0x000000008ac00000, 0x0000000100000000)
  region size 1024K, 23 young (23552K), 2 survivors (2048K)
}
Event: 19.290 {heap After GC invocations=12 (full 0):
 garbage-first heap   total reserved 1921024K, committed 55296K, used 27759K [0x000000008ac00000, 0x0000000100000000)
  region size 1024K, 3 young (3072K), 3 survivors (3072K)
}
Event: 20.346 {heap Before GC invocations=13 (full 0):
 garbage-first heap   total reserved 1921024K, committed 55296K, used 49263K [0x000000008ac00000, 0x0000000100000000)
  region size 1024K, 24 young (24576K), 3 survivors (3072K)
}
Event: 20.359 {heap After GC invocations=14 (full 0):
 garbage-first heap   total reserved 1921024K, committed 55296K, used 29370K [0x000000008ac00000, 0x0000000100000000)
  region size 1024K, 3 young (3072K), 3 survivors (3072K)
}
Event: 21.068 {heap Before GC invocations=14 (full 0):
 garbage-first heap   total reserved 1921024K, committed 55296K, used 47802K [0x000000008ac00000, 0x0000000100000000)
  region size 1024K, 22 young (22528K), 3 survivors (3072K)
}
Event: 21.081 {heap After GC invocations=15 (full 0):
 garbage-first heap   total reserved 1921024K, committed 55296K, used 30623K [0x000000008ac00000, 0x0000000100000000)
  region size 1024K, 3 young (3072K), 3 survivors (3072K)
}
Event: 21.562 {heap Before GC invocations=15 (full 0):
 garbage-first heap   total reserved 1921024K, committed 55296K, used 50079K [0x000000008ac00000, 0x0000000100000000)
  region size 1024K, 22 young (22528K), 3 survivors (3072K)
}
Event: 21.574 {heap After GC invocations=16 (full 0):
 garbage-first heap   total reserved 1921024K, committed 66560K, used 31746K [0x000000008ac00000, 0x0000000100000000)
  region size 1024K, 2 young (2048K), 2 survivors (2048K)
}
Event: 21.855 {heap Before GC invocations=17 (full 0):
 garbage-first heap   total reserved 1921024K, committed 66560K, used 58370K [0x000000008ac00000, 0x0000000100000000)
  region size 1024K, 28 young (28672K), 2 survivors (2048K)
}
Event: 21.865 {heap After GC invocations=18 (full 0):
 garbage-first heap   total reserved 1921024K, committed 66560K, used 32595K [0x000000008ac00000, 0x0000000100000000)
  region size 1024K, 3 young (3072K), 3 survivors (3072K)
}
Event: 22.319 {heap Before GC invocations=18 (full 0):
 garbage-first heap   total reserved 1921024K, committed 66560K, used 59219K [0x000000008ac00000, 0x0000000100000000)
  region size 1024K, 29 young (29696K), 3 survivors (3072K)
}
Event: 22.328 {heap After GC invocations=19 (full 0):
 garbage-first heap   total reserved 1921024K, committed 66560K, used 32240K [0x000000008ac00000, 0x0000000100000000)
  region size 1024K, 1 young (1024K), 1 survivors (1024K)
}
Event: 22.755 {heap Before GC invocations=19 (full 0):
 garbage-first heap   total reserved 1921024K, committed 66560K, used 60912K [0x000000008ac00000, 0x0000000100000000)
  region size 1024K, 29 young (29696K), 1 survivors (1024K)
}
Event: 22.767 {heap After GC invocations=20 (full 0):
 garbage-first heap   total reserved 1921024K, committed 66560K, used 35266K [0x000000008ac00000, 0x0000000100000000)
  region size 1024K, 4 young (4096K), 4 survivors (4096K)
}
Event: 23.724 {heap Before GC invocations=21 (full 0):
 garbage-first heap   total reserved 1921024K, committed 66560K, used 58818K [0x000000008ac00000, 0x0000000100000000)
  region size 1024K, 28 young (28672K), 4 survivors (4096K)
}
Event: 23.736 {heap After GC invocations=22 (full 0):
 garbage-first heap   total reserved 1921024K, committed 66560K, used 35568K [0x000000008ac00000, 0x0000000100000000)
  region size 1024K, 2 young (2048K), 2 survivors (2048K)
}

